app/build/outputs/logs/manifest-merger-debug-report.txt
-- Merging decision tree log ---
manifest
ADDED from src/main/AndroidManifest.xml:2:1-98:12
	package
		ADDED from src/main/AndroidManifest.xml:3:5-47
		INJECTED from src/main/AndroidManifest.xml
		INJECTED from src/main/AndroidManifest.xml
	android:versionName
		INJECTED from src/main/AndroidManifest.xml
		INJECTED from src/main/AndroidManifest.xml
	xmlns:android
		ADDED from src/main/AndroidManifest.xml:2:11-69
	android:versionCode
		INJECTED from src/main/AndroidManifest.xml
		INJECTED from src/main/AndroidManifest.xml
uses-permission#android.permission.WRITE_EXTERNAL_STORAGE
ADDED from src/main/AndroidManifest.xml:5:5-81
	android:name
		ADDED from src/main/AndroidManifest.xml:5:22-78
uses-permission#android.permission.READ_EXTERNAL_STORAGE
ADDED from src/main/AndroidManifest.xml:6:5-80
	android:name
		ADDED from src/main/AndroidManifest.xml:6:22-77
uses-permission#android.permission.INTERNET
ADDED from src/main/AndroidManifest.xml:7:5-67
	android:name
		ADDED from src/main/AndroidManifest.xml:7:22-64
uses-permission#android.permission.SEND_SMS
ADDED from src/main/AndroidManifest.xml:8:5-67
	android:name
		ADDED from src/main/AndroidManifest.xml:8:22-64
uses-permission#android.permission.ACCESS_NETWORK_STATE
ADDED from src/main/AndroidManifest.xml:9:5-79
	android:name
		ADDED from src/main/AndroidManifest.xml:9:22-76
uses-permission#android.permission.READ_PHONE_STATE
ADDED from src/main/AndroidManifest.xml:10:5-74
	android:name
		ADDED from src/main/AndroidManifest.xml:10:22-72
application
ADDED from src/main/AndroidManifest.xml:12:5-96:19
	android:label
		ADDED from src/main/AndroidManifest.xml:15:9-41
	android:allowBackup
		ADDED from src/main/AndroidManifest.xml:13:9-35
	android:icon
		ADDED from src/main/AndroidManifest.xml:14:9-47
	android:theme
		ADDED from src/main/AndroidManifest.xml:16:9-40
activity#skallaje.cafeteria_app.cs442.com.LoginActivity
ADDED from src/main/AndroidManifest.xml:17:9-25:20
	android:label
		ADDED from src/main/AndroidManifest.xml:19:13-45
	android:name
		ADDED from src/main/AndroidManifest.xml:18:13-42
intent-filter#android.intent.action.MAIN+android.intent.category.LAUNCHER
ADDED from src/main/AndroidManifest.xml:20:13-24:29
action#android.intent.action.MAIN
ADDED from src/main/AndroidManifest.xml:21:17-69
	android:name
		ADDED from src/main/AndroidManifest.xml:21:25-66
category#android.intent.category.LAUNCHER
ADDED from src/main/AndroidManifest.xml:23:17-77
	android:name
		ADDED from src/main/AndroidManifest.xml:23:27-74
activity#skallaje.cafeteria_app.cs442.com.SignupActivity
ADDED from src/main/AndroidManifest.xml:26:9-29:20
	android:label
		ADDED from src/main/AndroidManifest.xml:28:13-58
	android:name
		ADDED from src/main/AndroidManifest.xml:27:13-43
activity#skallaje.cafeteria_app.cs442.com.MenuAdminActivity
ADDED from src/main/AndroidManifest.xml:30:9-33:20
	android:label
		ADDED from src/main/AndroidManifest.xml:32:13-56
	android:name
		ADDED from src/main/AndroidManifest.xml:31:13-46
activity#skallaje.cafeteria_app.cs442.com.AddItemActivity
ADDED from src/main/AndroidManifest.xml:34:9-37:20
	android:label
		ADDED from src/main/AndroidManifest.xml:36:13-61
	android:name
		ADDED from src/main/AndroidManifest.xml:35:13-44
activity#skallaje.cafeteria_app.cs442.com.UpdateItemActivity
ADDED from src/main/AndroidManifest.xml:38:9-41:20
	android:label
		ADDED from src/main/AndroidManifest.xml:40:13-63
	android:name
		ADDED from src/main/AndroidManifest.xml:39:13-47
activity#skallaje.cafeteria_app.cs442.com.TestActivity
ADDED from src/main/AndroidManifest.xml:42:9-45:20
	android:label
		ADDED from src/main/AndroidManifest.xml:44:13-56
	android:name
		ADDED from src/main/AndroidManifest.xml:43:13-41
activity#skallaje.cafeteria_app.cs442.com.MenuActivity
ADDED from src/main/AndroidManifest.xml:46:9-49:20
	android:label
		ADDED from src/main/AndroidManifest.xml:48:13-56
	android:name
		ADDED from src/main/AndroidManifest.xml:47:13-41
activity#skallaje.cafeteria_app.cs442.com.DescriptionActivity
ADDED from src/main/AndroidManifest.xml:50:9-53:20
	android:label
		ADDED from src/main/AndroidManifest.xml:52:13-50
	android:name
		ADDED from src/main/AndroidManifest.xml:51:13-48
activity#skallaje.cafeteria_app.cs442.com.ChangePasswordActivity
ADDED from src/main/AndroidManifest.xml:54:9-57:20
	android:label
		ADDED from src/main/AndroidManifest.xml:56:13-67
	android:name
		ADDED from src/main/AndroidManifest.xml:55:13-51
activity#skallaje.cafeteria_app.cs442.com.ForgotPassword
ADDED from src/main/AndroidManifest.xml:58:9-61:20
	android:label
		ADDED from src/main/AndroidManifest.xml:60:13-67
	android:name
		ADDED from src/main/AndroidManifest.xml:59:13-43
activity#skallaje.cafeteria_app.cs442.com.d_MenuCartActivity
ADDED from src/main/AndroidManifest.xml:62:9-65:20
	android:label
		ADDED from src/main/AndroidManifest.xml:64:13-42
	android:name
		ADDED from src/main/AndroidManifest.xml:63:13-47
activity#skallaje.cafeteria_app.cs442.com.d_DeliveryOptionActivity
ADDED from src/main/AndroidManifest.xml:66:9-69:20
	android:label
		ADDED from src/main/AndroidManifest.xml:68:13-45
	android:name
		ADDED from src/main/AndroidManifest.xml:67:13-53
activity#skallaje.cafeteria_app.cs442.com.d_DeliveryLocationsActivity
ADDED from src/main/AndroidManifest.xml:70:9-73:20
	android:label
		ADDED from src/main/AndroidManifest.xml:72:13-47
	android:name
		ADDED from src/main/AndroidManifest.xml:71:13-56
activity#skallaje.cafeteria_app.cs442.com.d_OrderConfirmationActivity
ADDED from src/main/AndroidManifest.xml:74:9-77:20
	android:label
		ADDED from src/main/AndroidManifest.xml:76:13-47
	android:name
		ADDED from src/main/AndroidManifest.xml:75:13-56
activity#skallaje.cafeteria_app.cs442.com.d_OrderSuccessActivity
ADDED from src/main/AndroidManifest.xml:78:9-81:20
	android:label
		ADDED from src/main/AndroidManifest.xml:80:13-42
	android:name
		ADDED from src/main/AndroidManifest.xml:79:13-51
service#com.paypal.android.sdk.payments.PayPalService
ADDED from src/main/AndroidManifest.xml:82:9-84:40
	android:exported
		ADDED from src/main/AndroidManifest.xml:84:13-37
	android:name
		ADDED from src/main/AndroidManifest.xml:83:13-73
activity#com.paypal.android.sdk.payments.PaymentActivity
ADDED from src/main/AndroidManifest.xml:85:9-84
	android:name
		ADDED from src/main/AndroidManifest.xml:85:19-81
activity#com.paypal.android.sdk.payments.LoginActivity
ADDED from src/main/AndroidManifest.xml:86:9-82
	android:name
		ADDED from src/main/AndroidManifest.xml:86:19-79
activity#com.paypal.android.sdk.payments.PaymentMethodActivity
ADDED from src/main/AndroidManifest.xml:87:9-90
	android:name
		ADDED from src/main/AndroidManifest.xml:87:19-87
activity#com.paypal.android.sdk.payments.PaymentConfirmActivity
ADDED from src/main/AndroidManifest.xml:88:9-91
	android:name
		ADDED from src/main/AndroidManifest.xml:88:19-88
activity#com.paypal.android.sdk.payments.PayPalFuturePaymentActivity
ADDED from src/main/AndroidManifest.xml:89:9-96
	android:name
		ADDED from src/main/AndroidManifest.xml:89:19-93
activity#com.paypal.android.sdk.payments.FuturePaymentConsentActivity
ADDED from src/main/AndroidManifest.xml:90:9-97
	android:name
		ADDED from src/main/AndroidManifest.xml:90:19-94
activity#com.paypal.android.sdk.payments.FuturePaymentInfoActivity
ADDED from src/main/AndroidManifest.xml:91:9-94
	android:name
		ADDED from src/main/AndroidManifest.xml:91:19-91
activity#io.card.payment.CardIOActivity
ADDED from src/main/AndroidManifest.xml:92:9-94:66
	android:configChanges
		ADDED from src/main/AndroidManifest.xml:94:13-63
	android:name
		ADDED from src/main/AndroidManifest.xml:93:13-58
activity#io.card.payment.DataEntryActivity
ADDED from src/main/AndroidManifest.xml:95:9-70
	android:name
		ADDED from src/main/AndroidManifest.xml:95:19-67
uses-sdk
INJECTED from src/main/AndroidManifest.xml reason: use-sdk injection requested
	android:targetSdkVersion
		INJECTED from src/main/AndroidManifest.xml
		INJECTED from src/main/AndroidManifest.xml
	android:minSdkVersion
		INJECTED from src/main/AndroidManifest.xml
		INJECTED from src/main/AndroidManifest.xml